<?xml version="1.0" encoding="UTF-8"?>
<!-- Generated by org.testng.reporters.JUnitReportReporter -->
<testsuite hostname="DESKTOP-6E2LR27" failures="0" tests="9" name="workingwithtestNG.TC_SampleScript_001" time="80.803" errors="0" timestamp="2023-05-12T08:23:29 IST" skipped="0">
  <testcase classname="workingwithtestNG.TC_SampleScript_001" name="instagram" time="10.693"/>
  <system-out/>
  <testcase classname="workingwithtestNG.TC_SampleScript_001" name="twitter" time="9.949"/>
  <system-out/>
  <testcase classname="workingwithtestNG.TC_SampleScript_001" name="facebook" time="3.660"/>
  <system-out/>
  <testcase classname="workingwithtestNG.TC_SampleScript_001" name="twitter" time="7.532"/>
  <system-out/>
  <testcase classname="workingwithtestNG.TC_SampleScript_001" name="twitter" time="10.896"/>
  <system-out/>
  <testcase classname="workingwithtestNG.TC_SampleScript_001" name="twitter" time="9.276"/>
  <system-out/>
  <testcase classname="workingwithtestNG.TC_SampleScript_001" name="twitter" time="8.907"/>
  <system-out/>
  <testcase classname="workingwithtestNG.TC_SampleScript_001" name="twitter" time="10.567"/>
  <system-out/>
  <testcase classname="workingwithtestNG.TC_SampleScript_001" name="twitter" time="9.323"/>
  <system-out/>
</testsuite> <!-- workingwithtestNG.TC_SampleScript_001 -->
