<?xml version="1.0" encoding="UTF-8"?>
<!-- Generated by org.testng.reporters.JUnitReportReporter -->
<testsuite hostname="DESKTOP-6E2LR27" failures="0" tests="5" name="workingwithtestNG.ExecutionCondition" time="0.030" errors="0" timestamp="2023-05-12T08:48:40 IST" skipped="0">
  <testcase classname="workingwithtestNG.ExecutionCondition" name="modifyAccount" time="0.005"/>
  <system-out>
from modify account  </system-out>
  <testcase classname="workingwithtestNG.ExecutionCondition" name="deleteAccount" time="0.005"/>
  <system-out>
from delete account  </system-out>
  <testcase classname="workingwithtestNG.ExecutionCondition" name="register" time="0.011"/>
  <system-out>
 from register  </system-out>
  <testcase classname="workingwithtestNG.ExecutionCondition" name="transferAccount" time="0.004"/>
  <system-out>
from transfer account  </system-out>
  <testcase classname="workingwithtestNG.ExecutionCondition" name="createAccount" time="0.005"/>
  <system-out>
from create account  </system-out>
</testsuite> <!-- workingwithtestNG.ExecutionCondition -->
