<?xml version="1.0" encoding="UTF-8"?>
<!-- Generated by org.testng.reporters.JUnitReportReporter -->
<testsuite hostname="DESKTOP-6E2LR27" failures="0" tests="1" name="workingwithtestNG.ToUnderstandAttribute" time="10.390" errors="0" timestamp="2023-05-15T09:07:22 IST" skipped="0">
  <testcase classname="workingwithtestNG.ToUnderstandAttribute" name="parameter" time="10.390"/>
  <system-out/>
</testsuite> <!-- workingwithtestNG.ToUnderstandAttribute -->
