<?xml version="1.0" encoding="UTF-8"?>
<!-- Generated by org.testng.reporters.JUnitReportReporter -->
<testsuite hostname="DESKTOP-6E2LR27" failures="0" tests="1" name="assertion.ToCreateAssertion" time="37.745" errors="0" timestamp="2023-05-17T08:13:03 IST" skipped="0">
  <testcase classname="assertion.ToCreateAssertion" name="assertpractice" time="37.745"/>
  <system-out/>
</testsuite> <!-- assertion.ToCreateAssertion -->
