<?xml version="1.0" encoding="UTF-8"?>
<!-- Generated by org.testng.reporters.JUnitReportReporter -->
<testsuite hostname="DESKTOP-6E2LR27" failures="0" tests="1" name="eshopping.TC_ShoppingSites_022" time="25.192" errors="0" timestamp="2023-06-23T12:44:56 IST" skipped="0">
  <testcase classname="eshopping.TC_ShoppingSites_022" name="flipkart" time="25.192"/>
  <system-out/>
</testsuite> <!-- eshopping.TC_ShoppingSites_022 -->
