<?xml version="1.0" encoding="UTF-8"?>
<!-- Generated by org.testng.reporters.JUnitReportReporter -->
<testsuite hostname="DESKTOP-6E2LR27" failures="0" tests="1" name="eshopping.TC_ShoppingSites_021" time="31.215" errors="0" timestamp="2023-05-14T22:56:21 IST" skipped="0">
  <testcase classname="eshopping.TC_ShoppingSites_021" name="amazon" time="31.215"/>
  <system-out/>
</testsuite> <!-- eshopping.TC_ShoppingSites_021 -->
