<?xml version="1.0" encoding="UTF-8"?>
<!-- Generated by org.testng.reporters.JUnitReportReporter -->
<testsuite hostname="DESKTOP-6E2LR27" failures="0" tests="1" name="cars.TC_Cars_013" time="10.446" errors="0" timestamp="2023-06-23T12:44:56 IST" skipped="0">
  <testcase classname="cars.TC_Cars_013" name="ferrari" time="10.446"/>
  <system-out/>
</testsuite> <!-- cars.TC_Cars_013 -->
