<?xml version="1.0" encoding="UTF-8"?>
<!-- Generated by org.testng.reporters.JUnitReportReporter -->
<testsuite hostname="DESKTOP-6E2LR27" failures="0" tests="1" name="cars.TC_Cars_011" time="17.909" errors="0" timestamp="2023-05-14T23:04:49 IST" skipped="0">
  <testcase classname="cars.TC_Cars_011" name="rollsRoyce" time="17.909"/>
  <system-out/>
</testsuite> <!-- cars.TC_Cars_011 -->
