<?xml version="1.0" encoding="UTF-8"?>
<!-- Generated by org.testng.reporters.JUnitReportReporter -->
<testsuite hostname="DESKTOP-6E2LR27" failures="0" tests="2" name="workingwithtestNG.ToUnderstandDataDrivenExcel" time="67.242" errors="0" timestamp="2023-05-16T09:31:09 IST" skipped="0">
  <testcase classname="workingwithtestNG.ToUnderstandDataDrivenExcel" name="actitime" time="31.501"/>
  <system-out/>
  <testcase classname="workingwithtestNG.ToUnderstandDataDrivenExcel" name="actitime" time="35.741"/>
  <system-out/>
</testsuite> <!-- workingwithtestNG.ToUnderstandDataDrivenExcel -->
